<?xml version='1.1' encoding='UTF-8'?>
<result plugin="junit@1.28">
  <suites>
    <suite>
      <file>/var/lib/jenkins/workspace/pipeline/target/surefire-reports/TEST-com.geekcap.vmturbo.ThingTest.xml</file>
      <name>com.geekcap.vmturbo.ThingTest</name>
      <duration>0.002</duration>
      <time>0.002</time>
      <nodeId>48</nodeId>
      <enclosingBlocks>
        <string>43</string>
      </enclosingBlocks>
      <enclosingBlockNames>
        <string>Results</string>
      </enclosingBlockNames>
      <cases>
        <case>
          <duration>0.002</duration>
          <className>com.geekcap.vmturbo.ThingTest</className>
          <testName>testN</testName>
          <skipped>false</skipped>
          <failedSince>0</failedSince>
        </case>
      </cases>
    </suite>
    <suite>
      <file>/var/lib/jenkins/workspace/pipeline/target/surefire-reports/TEST-test.OtherTest.xml</file>
      <name>test.OtherTest</name>
      <duration>0.0</duration>
      <time>0</time>
      <nodeId>48</nodeId>
      <enclosingBlocks>
        <string>43</string>
      </enclosingBlocks>
      <enclosingBlockNames>
        <string>Results</string>
      </enclosingBlockNames>
      <cases>
        <case>
          <duration>0.0</duration>
          <className>test.OtherTest</className>
          <testName>mytest</testName>
          <skipped>true</skipped>
          <skippedMessage></skippedMessage>
          <failedSince>0</failedSince>
        </case>
      </cases>
    </suite>
    <suite>
      <file>/var/lib/jenkins/workspace/pipeline/target/surefire-reports/TEST-test.SomeTest.xml</file>
      <name>test.SomeTest</name>
      <duration>0.003</duration>
      <time>0.003</time>
      <nodeId>48</nodeId>
      <enclosingBlocks>
        <string>43</string>
      </enclosingBlocks>
      <enclosingBlockNames>
        <string>Results</string>
      </enclosingBlockNames>
      <cases>
        <case>
          <duration>0.0</duration>
          <className>test.SomeTest</className>
          <testName>test1</testName>
          <skipped>false</skipped>
          <failedSince>0</failedSince>
        </case>
        <case>
          <duration>0.0</duration>
          <className>test.SomeTest</className>
          <testName>test2</testName>
          <skipped>false</skipped>
          <failedSince>0</failedSince>
        </case>
        <case>
          <duration>0.0</duration>
          <className>test.SomeTest</className>
          <testName>test3</testName>
          <skipped>false</skipped>
          <failedSince>0</failedSince>
        </case>
        <case>
          <duration>0.003</duration>
          <className>test.SomeTest</className>
          <testName>test4</testName>
          <skipped>false</skipped>
          <failedSince>0</failedSince>
        </case>
        <case>
          <duration>0.0</duration>
          <className>test.SomeTest</className>
          <testName>test5</testName>
          <skipped>false</skipped>
          <failedSince>0</failedSince>
        </case>
        <case>
          <duration>0.0</duration>
          <className>test.SomeTest</className>
          <testName>test6</testName>
          <skipped>false</skipped>
          <failedSince>0</failedSince>
        </case>
      </cases>
    </suite>
  </suites>
  <duration>0.005</duration>
  <keepLongStdio>false</keepLongStdio>
</result>