<?xml version='1.1' encoding='UTF-8'?>
<result plugin="junit@1.28">
  <suites>
    <suite>
      <file>/var/lib/jenkins/workspace/project1/target/surefire-reports/TEST-com.geekcap.vmturbo.ThingTest.xml</file>
      <name>com.geekcap.vmturbo.ThingTest</name>
      <duration>0.005</duration>
      <time>0.005</time>
      <enclosingBlocks/>
      <enclosingBlockNames/>
      <cases>
        <case>
          <duration>0.005</duration>
          <className>com.geekcap.vmturbo.ThingTest</className>
          <testName>testN</testName>
          <skipped>false</skipped>
          <failedSince>0</failedSince>
        </case>
      </cases>
    </suite>
  </suites>
  <duration>0.005</duration>
  <keepLongStdio>false</keepLongStdio>
</result>